<?xml version="1.0" encoding="UTF-8"?>
<testsuite xmlns:xsi="http://www.w3.org/2001/XMLSchema-instance" xsi:noNamespaceSchemaLocation="https://maven.apache.org/surefire/maven-surefire-plugin/xsd/surefire-test-report.xsd" name="it.unipd.mtss.RomanPrinterTest" time="0.002" tests="11" errors="0" skipped="0" failures="0">
  <properties>
[...]
</properties>
  <testcase name="test100" classname="it.unipd.mtss.RomanPrinterTest" time="0"/>
  <testcase name="test500" classname="it.unipd.mtss.RomanPrinterTest" time="0.001"/>
  <testcase name="test666" classname="it.unipd.mtss.RomanPrinterTest" time="0"/>
  <testcase name="test888" classname="it.unipd.mtss.RomanPrinterTest" time="0"/>
  <testcase name="test968" classname="it.unipd.mtss.RomanPrinterTest" time="0"/>
  <testcase name="test1000" classname="it.unipd.mtss.RomanPrinterTest" time="0"/>
  <testcase name="test10" classname="it.unipd.mtss.RomanPrinterTest" time="0"/>
  <testcase name="test50" classname="it.unipd.mtss.RomanPrinterTest" time="0"/>
  <testcase name="testLetterToNumber" classname="it.unipd.mtss.RomanPrinterTest" time="0"/>
  <testcase name="test1" classname="it.unipd.mtss.RomanPrinterTest" time="0"/>
  <testcase name="test5" classname="it.unipd.mtss.RomanPrinterTest" time="0.001"/>
</testsuite>